TN:
SF:src\agents\cuti-tahunan.agent.ts
FN:15,(anonymous_0)
FN:116,(anonymous_1)
FN:159,(anonymous_2)
FN:183,(anonymous_3)
FN:209,(anonymous_4)
FN:244,(anonymous_5)
FNF:6
FNH:6
FNDA:33,(anonymous_0)
FNDA:1,(anonymous_1)
FNDA:13,(anonymous_2)
FNDA:19,(anonymous_3)
FNDA:2,(anonymous_4)
FNDA:6,(anonymous_5)
DA:16,33
DA:19,33
DA:23,33
DA:24,0
DA:27,33
DA:28,0
DA:32,33
DA:41,33
DA:42,1
DA:43,1
DA:47,32
DA:56,32
DA:59,32
DA:60,32
DA:61,32
DA:64,32
DA:66,2
DA:68,2
DA:70,1
DA:71,1
DA:72,1
DA:74,0
DA:75,0
DA:78,1
DA:79,1
DA:84,32
DA:85,32
DA:88,32
DA:101,32
DA:110,32
DA:117,1
DA:118,1
DA:121,1
DA:125,1
DA:130,1
DA:131,2
DA:132,2
DA:133,2
DA:135,0
DA:136,0
DA:140,0
DA:147,1
DA:153,1
DA:160,13
DA:162,13
DA:172,13
DA:173,1
DA:174,1
DA:177,12
DA:184,19
DA:186,19
DA:198,19
DA:199,2
DA:200,2
DA:203,17
DA:210,2
DA:215,2
DA:217,2
DA:218,2
DA:220,2
DA:236,2
DA:238,2
DA:245,6
DA:251,6
DA:253,6
DA:254,5
DA:255,1
DA:262,5
DA:266,5
DA:268,5
DA:276,5
DA:282,5
DA:287,2
LF:73
LH:66
BRDA:23,0,0,0
BRDA:23,0,1,33
BRDA:27,1,0,0
BRDA:27,1,1,33
BRDA:41,2,0,1
BRDA:41,2,1,32
BRDA:56,3,0,32
BRDA:56,3,1,31
BRDA:64,4,0,2
BRDA:64,4,1,30
BRDA:68,5,0,1
BRDA:68,5,1,1
BRDA:72,6,0,0
BRDA:72,6,1,1
BRDA:117,7,0,1
BRDA:117,7,1,0
BRDA:135,8,0,0
BRDA:135,8,1,0
BRDA:172,9,0,1
BRDA:172,9,1,12
BRDA:198,10,0,2
BRDA:198,10,1,17
BRDA:217,11,0,1
BRDA:217,11,1,1
BRDA:218,12,0,1
BRDA:218,12,1,1
BRDA:253,13,0,5
BRDA:253,13,1,1
BRDA:254,14,0,1
BRDA:254,14,1,4
BRDA:262,15,0,4
BRDA:262,15,1,1
BRF:32
BRH:26
end_of_record
TN:
SF:src\agents\cuti.agent.ts
FN:30,(anonymous_0)
FN:90,(anonymous_1)
FN:142,(anonymous_2)
FN:158,(anonymous_3)
FN:184,(anonymous_4)
FN:223,(anonymous_5)
FN:281,(anonymous_6)
FN:314,(anonymous_7)
FNF:8
FNH:8
FNDA:18,(anonymous_0)
FNDA:16,(anonymous_1)
FNDA:2,(anonymous_2)
FNDA:1,(anonymous_3)
FNDA:2,(anonymous_4)
FNDA:4,(anonymous_5)
FNDA:1,(anonymous_6)
FNDA:1,(anonymous_7)
DA:31,18
DA:37,18
DA:38,18
DA:40,18
DA:41,1
DA:45,17
DA:47,17
DA:48,0
DA:52,17
DA:55,17
DA:59,17
DA:60,0
DA:65,17
DA:66,17
DA:69,1
DA:70,1
DA:74,1
DA:76,0
DA:81,17
DA:82,12
DA:83,1
DA:90,16
DA:92,16
DA:115,16
DA:116,11
DA:125,16
DA:128,16
DA:135,16
DA:143,2
DA:146,2
DA:153,2
DA:154,1
DA:158,1
DA:160,1
DA:165,1
DA:166,1
DA:176,1
DA:178,1
DA:185,2
DA:187,2
DA:212,2
DA:213,1
DA:214,1
DA:217,1
DA:230,4
DA:236,4
DA:238,4
DA:239,4
DA:240,4
DA:242,4
DA:244,4
DA:265,4
DA:267,4
DA:282,1
DA:286,1
DA:288,1
DA:290,1
DA:306,1
DA:308,1
DA:315,1
DA:320,1
DA:324,1
DA:326,1
DA:337,1
DA:339,1
DA:344,1
LF:66
LH:63
BRDA:40,0,0,1
BRDA:40,0,1,17
BRDA:47,1,0,0
BRDA:47,1,1,17
BRDA:59,2,0,0
BRDA:59,2,1,17
BRDA:69,3,0,1
BRDA:69,3,1,0
BRDA:81,4,0,12
BRDA:81,4,1,5
BRDA:82,5,0,1
BRDA:82,5,1,11
BRDA:115,6,0,11
BRDA:115,6,1,5
BRDA:153,7,0,1
BRDA:153,7,1,1
BRDA:165,8,0,1
BRDA:165,8,1,0
BRDA:212,9,0,1
BRDA:212,9,1,1
BRDA:227,10,0,4
BRDA:228,11,0,4
BRDA:238,12,0,1
BRDA:238,12,1,3
BRDA:239,13,0,1
BRDA:239,13,1,3
BRDA:240,14,0,1
BRDA:240,14,1,3
BRDA:288,15,0,1
BRDA:288,15,1,0
BRDA:324,16,0,1
BRDA:324,16,1,0
BRF:32
BRH:26
end_of_record
TN:
SF:src\agents\karyawan.agent.ts
FN:29,(anonymous_0)
FN:61,(anonymous_1)
FN:85,(anonymous_2)
FN:114,(anonymous_3)
FN:132,(anonymous_4)
FN:151,(anonymous_5)
FN:164,(anonymous_6)
FNF:7
FNH:7
FNDA:48,(anonymous_0)
FNDA:2,(anonymous_1)
FNDA:6,(anonymous_2)
FNDA:2,(anonymous_3)
FNDA:4,(anonymous_4)
FNDA:2,(anonymous_5)
FNDA:1,(anonymous_6)
DA:30,48
DA:33,48
DA:37,48
DA:38,1
DA:39,1
DA:43,47
DA:50,47
DA:55,47
DA:62,2
DA:64,2
DA:77,2
DA:79,2
DA:86,6
DA:88,6
DA:101,6
DA:102,2
DA:103,2
DA:106,4
DA:108,4
DA:115,2
DA:117,2
DA:121,2
DA:122,1
DA:123,1
DA:126,1
DA:133,4
DA:136,4
DA:138,3
DA:143,2
DA:145,2
DA:152,2
DA:154,2
DA:156,2
DA:158,2
DA:165,1
DA:167,1
DA:171,1
DA:173,1
DA:178,3
LF:39
LH:39
BRDA:37,0,0,1
BRDA:37,0,1,47
BRDA:65,1,0,1
BRDA:65,1,1,1
BRDA:101,2,0,2
BRDA:101,2,1,4
BRDA:121,3,0,1
BRDA:121,3,1,1
BRF:8
BRH:8
end_of_record
TN:
SF:src\controllers\cuti-tahunan.controller.ts
FN:21,(anonymous_0)
FN:50,(anonymous_1)
FN:70,(anonymous_2)
FNF:3
FNH:0
FNDA:0,(anonymous_0)
FNDA:0,(anonymous_1)
FNDA:0,(anonymous_2)
DA:9,0
DA:22,0
DA:23,0
DA:26,0
DA:28,0
DA:32,0
DA:34,0
DA:37,0
DA:41,0
DA:43,0
DA:51,0
DA:52,0
DA:54,0
DA:55,0
DA:58,0
DA:61,0
DA:63,0
DA:71,0
DA:72,0
DA:73,0
DA:76,0
DA:79,0
DA:81,0
DA:87,0
LF:24
LH:0
BRDA:28,0,0,0
BRDA:28,0,1,0
BRDA:32,1,0,0
BRDA:32,1,1,0
BRDA:54,2,0,0
BRDA:54,2,1,0
BRF:6
BRH:0
end_of_record
TN:
SF:src\controllers\karyawan.controller.ts
FN:31,(anonymous_0)
FN:54,(anonymous_1)
FN:77,(anonymous_2)
FN:95,(anonymous_3)
FN:121,(anonymous_4)
FNF:5
FNH:0
FNDA:0,(anonymous_0)
FNDA:0,(anonymous_1)
FNDA:0,(anonymous_2)
FNDA:0,(anonymous_3)
FNDA:0,(anonymous_4)
DA:8,0
DA:16,0
DA:32,0
DA:33,0
DA:36,0
DA:39,0
DA:45,0
DA:47,0
DA:55,0
DA:56,0
DA:58,0
DA:62,0
DA:65,0
DA:68,0
DA:70,0
DA:78,0
DA:79,0
DA:80,0
DA:83,0
DA:86,0
DA:88,0
DA:96,0
DA:97,0
DA:98,0
DA:101,0
DA:104,0
DA:112,0
DA:114,0
DA:122,0
DA:123,0
DA:124,0
DA:127,0
DA:130,0
DA:132,0
DA:138,0
LF:35
LH:0
BRDA:62,0,0,0
BRDA:62,0,1,0
BRDA:62,1,0,0
BRDA:62,1,1,0
BRDA:62,1,2,0
BRDA:106,2,0,0
BRDA:106,2,1,0
BRF:7
BRH:0
end_of_record
TN:
SF:src\lib\prisma.ts
FN:16,(anonymous_0)
FN:44,(anonymous_1)
FNF:2
FNH:1
FNDA:5,(anonymous_0)
FNDA:0,(anonymous_1)
DA:8,5
DA:10,5
DA:16,5
DA:18,5
DA:23,5
DA:25,5
DA:40,5
DA:43,5
DA:44,0
DA:45,0
DA:53,5
DA:54,5
LF:12
LH:10
BRDA:40,0,0,5
BRDA:40,0,1,5
BRDA:43,1,0,0
BRDA:43,1,1,5
BRDA:53,2,0,5
BRDA:53,2,1,0
BRF:6
BRH:4
end_of_record
TN:
SF:src\routes\cuti-tahunan.routes.ts
FN:12,(anonymous_0)
FN:15,(anonymous_1)
FN:18,(anonymous_2)
FNF:3
FNH:0
FNDA:0,(anonymous_0)
FNDA:0,(anonymous_1)
FNDA:0,(anonymous_2)
DA:4,0
DA:12,0
DA:15,0
DA:18,0
LF:4
LH:0
BRF:0
BRH:0
end_of_record
TN:
SF:src\routes\cuti.routes.ts
FN:12,(anonymous_0)
FN:15,(anonymous_1)
FN:18,(anonymous_2)
FN:21,(anonymous_3)
FN:24,(anonymous_4)
FN:27,(anonymous_5)
FNF:6
FNH:0
FNDA:0,(anonymous_0)
FNDA:0,(anonymous_1)
FNDA:0,(anonymous_2)
FNDA:0,(anonymous_3)
FNDA:0,(anonymous_4)
FNDA:0,(anonymous_5)
DA:4,0
DA:12,0
DA:15,0
DA:18,0
DA:21,0
DA:24,0
DA:27,0
LF:7
LH:0
BRF:0
BRH:0
end_of_record
TN:
SF:src\routes\index.ts
FN:14,(anonymous_0)
FNF:1
FNH:0
FNDA:0,(anonymous_0)
DA:6,0
DA:14,0
DA:15,0
DA:23,0
DA:24,0
DA:25,0
LF:6
LH:0
BRF:0
BRH:0
end_of_record
TN:
SF:src\routes\karyawan.routes.ts
FN:12,(anonymous_0)
FN:15,(anonymous_1)
FN:18,(anonymous_2)
FN:21,(anonymous_3)
FN:24,(anonymous_4)
FNF:5
FNH:0
FNDA:0,(anonymous_0)
FNDA:0,(anonymous_1)
FNDA:0,(anonymous_2)
FNDA:0,(anonymous_3)
FNDA:0,(anonymous_4)
DA:4,0
DA:12,0
DA:15,0
DA:18,0
DA:21,0
DA:24,0
LF:6
LH:0
BRF:0
BRH:0
end_of_record
TN:
SF:src\utils\date.ts
FN:6,calculateWorkingDays
FN:8,(anonymous_1)
FN:15,calculateTotalDays
FN:22,validateDateRange
FN:29,parseDate
FN:36,getCurrentYear
FN:43,getYearFromDate
FNF:7
FNH:6
FNDA:20,calculateWorkingDays
FNDA:66,(anonymous_1)
FNDA:2,calculateTotalDays
FNDA:21,validateDateRange
FNDA:36,parseDate
FNDA:0,getCurrentYear
FNDA:49,getYearFromDate
DA:7,20
DA:8,66
DA:9,20
DA:16,2
DA:23,21
DA:30,36
DA:37,0
DA:44,49
LF:8
LH:7
BRF:0
BRH:0
end_of_record
TN:
SF:src\utils\errors.ts
FN:7,(anonymous_0)
FN:23,(anonymous_1)
FN:32,(anonymous_2)
FN:41,(anonymous_3)
FN:50,(anonymous_4)
FN:59,(anonymous_5)
FN:67,logError
FNF:7
FNH:5
FNDA:13,(anonymous_0)
FNDA:1,(anonymous_1)
FNDA:8,(anonymous_2)
FNDA:1,(anonymous_3)
FNDA:3,(anonymous_4)
FNDA:0,(anonymous_5)
FNDA:0,logError
DA:8,13
DA:9,13
DA:10,13
DA:11,13
DA:13,13
DA:14,13
DA:15,13
DA:24,1
DA:33,8
DA:42,1
DA:51,3
DA:60,0
DA:68,0
DA:69,0
DA:76,0
LF:15
LH:11
BRDA:59,0,0,0
BRDA:68,1,0,0
BRDA:68,1,1,0
BRDA:69,2,0,0
BRDA:69,2,1,0
BRDA:76,3,0,0
BRDA:76,3,1,0
BRF:7
BRH:0
end_of_record
TN:
SF:src\utils\logger.ts
FN:15,(anonymous_0)
FN:92,(anonymous_1)
FNF:2
FNH:0
FNDA:0,(anonymous_0)
FNDA:0,(anonymous_1)
DA:5,5
DA:6,5
DA:8,5
DA:11,5
DA:17,0
DA:25,0
DA:33,0
DA:36,0
DA:37,0
DA:39,0
DA:40,0
DA:41,0
DA:42,0
DA:46,0
DA:47,0
DA:52,0
DA:53,0
DA:56,0
DA:61,5
DA:68,5
DA:91,5
DA:93,0
LF:22
LH:7
BRDA:8,0,0,5
BRDA:8,0,1,5
BRDA:25,1,0,0
BRDA:25,1,1,0
BRDA:27,2,0,0
BRDA:27,2,1,0
BRDA:29,3,0,0
BRDA:29,3,1,0
BRDA:33,4,0,0
BRDA:33,4,1,0
BRDA:37,5,0,0
BRDA:37,5,1,0
BRDA:41,6,0,0
BRDA:41,6,1,0
BRDA:46,7,0,0
BRDA:46,7,1,0
BRDA:52,8,0,0
BRDA:52,8,1,0
BRDA:52,9,0,0
BRDA:52,9,1,0
BRF:20
BRH:2
end_of_record
TN:
SF:src\utils\response.ts
FN:33,successResponse
FN:52,errorResponse
FN:94,paginatedResponse
FNF:3
FNH:3
FNDA:2,successResponse
FNDA:2,errorResponse
FNDA:1,paginatedResponse
DA:38,2
DA:58,2
DA:100,1
LF:3
LH:3
BRDA:61,0,0,1
BRDA:61,0,1,1
BRF:2
BRH:2
end_of_record
